app/build/intermediates/manifest_merge_blame_file/debug/manifest-merger-blame-debug-report.txt
1<?xml version="1.0" encoding="utf-8"?>
2<manifest xmlns:android="http://schemas.android.com/apk/res/android"
3    package="com.release.plexigo"
4    android:versionCode="90"
5    android:versionName="3.11.9" >
6
7    <uses-sdk
8        android:minSdkVersion="21"
8-->src\main\AndroidManifest.xml
9        android:targetSdkVersion="32" />
9-->src\main\AndroidManifest.xml
10
11    <uses-permission android:name="android.permission.INTERNET" />
11-->src\main\AndroidManifest.xml:5:5-67
11-->src\main\AndroidManifest.xml:5:22-64
12    <uses-permission android:name="android.permission.ACCESS_NETWORK_STATE" />
12-->src\main\AndroidManifest.xml:6:5-79
12-->src\main\AndroidManifest.xml:6:22-76
13    <uses-permission android:name="android.permission.ACCESS_WIFI_STATE" />
13-->src\main\AndroidManifest.xml:7:5-76
13-->src\main\AndroidManifest.xml:7:22-73
14    <uses-permission android:name="android.permission.ACCESS_COARSE_LOCATION" />
14-->src\main\AndroidManifest.xml:8:5-81
14-->src\main\AndroidManifest.xml:8:22-78
15    <uses-permission android:name="android.permission.ACCESS_FINE_LOCATION" />
15-->src\main\AndroidManifest.xml:9:5-79
15-->src\main\AndroidManifest.xml:9:22-76
16    <uses-permission android:name="android.permission.READ_EXTERNAL_STORAGE" />
16-->src\main\AndroidManifest.xml:10:5-80
16-->src\main\AndroidManifest.xml:10:22-77
17    <uses-permission android:name="android.permission.WRITE_EXTERNAL_STORAGE" />
17-->src\main\AndroidManifest.xml:11:5-81
17-->src\main\AndroidManifest.xml:11:22-78
18    <uses-permission android:name="android.permission.FOREGROUND_SERVICE" />
18-->src\main\AndroidManifest.xml:12:5-77
18-->src\main\AndroidManifest.xml:12:22-74
19
20    <queries>
20-->src\main\AndroidManifest.xml:199:5-203:15
21        <intent>
21-->src\main\AndroidManifest.xml:200:9-202:18
22            <action android:name="com.google.android.youtube.api.service.START" />
22-->src\main\AndroidManifest.xml:201:13-83
22-->src\main\AndroidManifest.xml:201:21-80
23        </intent>
24        <!-- Query Camera Packages -->
25        <intent>
25-->[com.github.dhaval2404:imagepicker:2.1] AndroidManifest.xml:12:9-14:18
26            <action android:name="android.media.action.IMAGE_CAPTURE" />
26-->[com.github.dhaval2404:imagepicker:2.1] AndroidManifest.xml:13:13-73
26-->[com.github.dhaval2404:imagepicker:2.1] AndroidManifest.xml:13:21-70
27        </intent> <!-- Query Open Document -->
28        <intent>
28-->[com.github.dhaval2404:imagepicker:2.1] AndroidManifest.xml:16:9-18:18
29            <action android:name="android.intent.action.OPEN_DOCUMENT_TREE" />
29-->[com.github.dhaval2404:imagepicker:2.1] AndroidManifest.xml:17:13-79
29-->[com.github.dhaval2404:imagepicker:2.1] AndroidManifest.xml:17:21-76
30        </intent>
31    </queries>
32
33    <uses-permission android:name="android.permission.WAKE_LOCK" />
33-->[opy-sdk-android-5.12.0.1612907401-sdk-production.aar] AndroidManifest.xml:12:5-68
33-->[opy-sdk-android-5.12.0.1612907401-sdk-production.aar] AndroidManifest.xml:12:22-65
34
35    <uses-feature android:glEsVersion="0x00020000" /> <!-- Required by older versions of Google Play services to create IID tokens -->
35-->[opy-sdk-android-5.12.0.1612907401-sdk-production.aar] AndroidManifest.xml:16:5-54
35-->[opy-sdk-android-5.12.0.1612907401-sdk-production.aar] AndroidManifest.xml:16:19-51
36    <uses-permission android:name="com.google.android.c2dm.permission.RECEIVE" />
36-->[com.google.firebase:firebase-messaging:23.0.5] AndroidManifest.xml:28:5-82
36-->[com.google.firebase:firebase-messaging:23.0.5] AndroidManifest.xml:28:22-79
37    <uses-permission android:name="com.google.android.finsky.permission.BIND_GET_INSTALL_REFERRER_SERVICE" />
37-->[com.google.android.gms:play-services-measurement:21.0.0] AndroidManifest.xml:26:5-110
37-->[com.google.android.gms:play-services-measurement:21.0.0] AndroidManifest.xml:26:22-107
38    <uses-permission android:name="com.google.android.gms.permission.AD_ID" />
38-->[com.google.android.gms:play-services-measurement-impl:21.0.0] AndroidManifest.xml:27:5-79
38-->[com.google.android.gms:play-services-measurement-impl:21.0.0] AndroidManifest.xml:27:22-76
39
40    <application
40-->src\main\AndroidManifest.xml:15:5-198:19
41        android:name="io.branch.referral.BranchApp"
41-->src\main\AndroidManifest.xml:16:9-52
42        android:allowBackup="true"
42-->src\main\AndroidManifest.xml:17:9-35
43        android:appComponentFactory="androidx.core.app.CoreComponentFactory"
43-->[androidx.core:core:1.6.0] AndroidManifest.xml:24:18-86
44        android:debuggable="true"
45        android:icon="@mipmap/ic_launcher"
45-->src\main\AndroidManifest.xml:18:9-43
46        android:label="@string/app_name"
46-->src\main\AndroidManifest.xml:19:9-41
47        android:supportsRtl="true"
47-->src\main\AndroidManifest.xml:20:9-35
48        android:theme="@style/AppTheme"
48-->src\main\AndroidManifest.xml:21:9-40
49        android:usesCleartextTraffic="true" >
49-->src\main\AndroidManifest.xml:22:9-44
50        <meta-data
50-->src\main\AndroidManifest.xml:25:9-27:68
51            android:name="com.google.firebase.messaging.default_notification_icon"
51-->src\main\AndroidManifest.xml:26:13-83
52            android:resource="@mipmap/plexigo_notification_icon" />
52-->src\main\AndroidManifest.xml:27:13-65
53        <meta-data
53-->src\main\AndroidManifest.xml:29:9-31:53
54            android:name="com.google.firebase.messaging.default_notification_color"
54-->src\main\AndroidManifest.xml:30:13-84
55            android:resource="@color/colorAccent" />
55-->src\main\AndroidManifest.xml:31:13-50
56        <meta-data
56-->src\main\AndroidManifest.xml:33:9-35:71
57            android:name="com.google.firebase.messaging.default_notification_channel_id"
57-->src\main\AndroidManifest.xml:34:13-89
58            android:value="@string/default_notification_channel_id" />
58-->src\main\AndroidManifest.xml:35:13-68
59
60        <service
60-->src\main\AndroidManifest.xml:37:9-43:19
61            android:name="com.release.plexigo.firebaseMessaging.MyFirebaseMessagingService"
61-->src\main\AndroidManifest.xml:38:13-73
62            android:exported="false" >
62-->src\main\AndroidManifest.xml:39:13-37
63            <intent-filter>
63-->src\main\AndroidManifest.xml:40:13-42:29
64                <action android:name="com.google.firebase.MESSAGING_EVENT" />
64-->src\main\AndroidManifest.xml:41:17-78
64-->src\main\AndroidManifest.xml:41:25-75
65            </intent-filter>
66        </service>
67
68        <activity android:name="com.release.plexigo.activity.FestivalContentListingActivity" />
68-->src\main\AndroidManifest.xml:45:9-86
68-->src\main\AndroidManifest.xml:45:19-74
69        <activity android:name="com.release.plexigo.activity.OnBoardingActivity" />
69-->src\main\AndroidManifest.xml:46:9-65
69-->src\main\AndroidManifest.xml:46:19-62
70        <activity android:name="com.release.plexigo.activity.FilterOttActivity" />
70-->src\main\AndroidManifest.xml:47:9-64
70-->src\main\AndroidManifest.xml:47:19-61
71        <activity
71-->src\main\AndroidManifest.xml:48:9-50:48
72            android:name="com.release.plexigo.activity.QuickPickActivity"
72-->src\main\AndroidManifest.xml:49:13-55
73            android:theme="@style/QuickPick" />
73-->src\main\AndroidManifest.xml:50:13-45
74        <activity android:name="com.release.plexigo.activity.PlaylistListingActivity" />
74-->src\main\AndroidManifest.xml:51:9-70
74-->src\main\AndroidManifest.xml:51:19-67
75        <activity android:name="com.release.plexigo.activity.VerifyAuthCodeActivity" />
75-->src\main\AndroidManifest.xml:52:9-69
75-->src\main\AndroidManifest.xml:52:19-66
76        <activity android:name="com.release.plexigo.activity.ChannelCategoryListingActivity" />
76-->src\main\AndroidManifest.xml:53:9-77
76-->src\main\AndroidManifest.xml:53:19-74
77        <activity
77-->src\main\AndroidManifest.xml:54:9-66:20
78            android:name="com.release.plexigo.activity.PaypalPaymentActivity"
78-->src\main\AndroidManifest.xml:55:13-59
79            android:exported="true"
79-->src\main\AndroidManifest.xml:57:13-36
80            android:screenOrientation="portrait" >
80-->src\main\AndroidManifest.xml:56:13-49
81            <intent-filter>
81-->src\main\AndroidManifest.xml:58:13-65:29
82                <action android:name="android.intent.action.VIEW" />
82-->src\main\AndroidManifest.xml:59:17-69
82-->src\main\AndroidManifest.xml:59:25-66
83
84                <category android:name="android.intent.category.DEFAULT" />
84-->src\main\AndroidManifest.xml:61:17-76
84-->src\main\AndroidManifest.xml:61:27-73
85                <category android:name="android.intent.category.BROWSABLE" />
85-->src\main\AndroidManifest.xml:62:17-78
85-->src\main\AndroidManifest.xml:62:27-75
86
87                <data android:scheme="com.release.plexigo" />
87-->src\main\AndroidManifest.xml:64:17-62
87-->src\main\AndroidManifest.xml:64:23-59
88            </intent-filter>
89        </activity>
90        <activity android:name="com.release.plexigo.activity.ChatActivity" />
90-->src\main\AndroidManifest.xml:67:9-59
90-->src\main\AndroidManifest.xml:67:19-56
91        <activity
91-->src\main\AndroidManifest.xml:68:9-71:50
92            android:name="com.release.plexigo.activity.YoutubeTrailerPlaybackActivity"
92-->src\main\AndroidManifest.xml:69:13-68
93            android:configChanges="orientation|screenSize|layoutDirection"
93-->src\main\AndroidManifest.xml:70:13-75
94            android:hardwareAccelerated="true" />
94-->src\main\AndroidManifest.xml:71:13-47
95        <activity
95-->src\main\AndroidManifest.xml:72:9-74:52
96            android:name="com.release.plexigo.activity.OtpValidationActivity"
96-->src\main\AndroidManifest.xml:73:13-59
97            android:screenOrientation="portrait" />
97-->src\main\AndroidManifest.xml:74:13-49
98        <activity
98-->src\main\AndroidManifest.xml:75:9-78:50
99            android:name="com.release.plexigo.activity.TrailerPlayerActivity"
99-->src\main\AndroidManifest.xml:76:13-59
100            android:configChanges="orientation|screenSize|layoutDirection"
100-->src\main\AndroidManifest.xml:77:13-75
101            android:hardwareAccelerated="true" />
101-->src\main\AndroidManifest.xml:78:13-47
102        <activity
102-->src\main\AndroidManifest.xml:79:9-82:51
103            android:name="com.release.plexigo.activity.VideoPlayerActivity"
103-->src\main\AndroidManifest.xml:80:13-57
104            android:configChanges="orientation|screenSize|layoutDirection"
104-->src\main\AndroidManifest.xml:81:13-75
105            android:theme="@style/HomeActivity" />
105-->src\main\AndroidManifest.xml:82:13-48
106        <!--
107                <activity
108                    android:name=".Activity.ExoplayerActivity"
109                    android:configChanges="orientation|screenSize|layoutDirection"
110                    android:theme="@style/HomeActivity" />
111        -->
112        <activity
112-->src\main\AndroidManifest.xml:89:9-92:59
113            android:name="com.release.plexigo.activity.PlayOnTvActivity"
113-->src\main\AndroidManifest.xml:90:13-54
114            android:label="@string/title_activity_play_on_tv"
114-->src\main\AndroidManifest.xml:91:13-62
115            android:theme="@style/AppTheme.NoActionBar" />
115-->src\main\AndroidManifest.xml:92:13-56
116        <activity android:name="com.release.plexigo.activity.ForgotPasswordActivity" />
116-->src\main\AndroidManifest.xml:93:9-69
116-->src\main\AndroidManifest.xml:93:19-66
117        <activity android:name="com.release.plexigo.activity.EditProfileActivity" />
117-->src\main\AndroidManifest.xml:94:9-66
117-->src\main\AndroidManifest.xml:94:19-63
118        <activity android:name="com.release.plexigo.activity.ErrorActivity" />
118-->src\main\AndroidManifest.xml:95:9-60
118-->src\main\AndroidManifest.xml:95:19-57
119        <activity android:name="com.release.plexigo.activity.FilterMoviesActivity" />
119-->src\main\AndroidManifest.xml:96:9-67
119-->src\main\AndroidManifest.xml:96:19-64
120        <activity android:name="com.release.plexigo.activity.WebPaymentActivity" />
120-->src\main\AndroidManifest.xml:97:9-65
120-->src\main\AndroidManifest.xml:97:19-62
121        <activity android:name="com.release.plexigo.activity.WebViewActivity" />
121-->src\main\AndroidManifest.xml:98:9-62
121-->src\main\AndroidManifest.xml:98:19-59
122        <activity android:name="com.release.plexigo.activity.ReviewsActivity" />
122-->src\main\AndroidManifest.xml:99:9-62
122-->src\main\AndroidManifest.xml:99:19-59
123        <activity android:name="com.release.plexigo.activity.CastDetailActivity" />
123-->src\main\AndroidManifest.xml:100:9-65
123-->src\main\AndroidManifest.xml:100:19-62
124        <activity android:name="com.release.plexigo.activity.CastAndCrewActivity" />
124-->src\main\AndroidManifest.xml:101:9-66
124-->src\main\AndroidManifest.xml:101:19-63
125        <activity
125-->src\main\AndroidManifest.xml:102:9-104:52
126            android:name="com.release.plexigo.activity.RegisterActivity"
126-->src\main\AndroidManifest.xml:103:13-54
127            android:screenOrientation="portrait" />
127-->src\main\AndroidManifest.xml:104:13-49
128        <activity
128-->src\main\AndroidManifest.xml:105:9-107:52
129            android:name="com.release.plexigo.activity.SettingsActivity"
129-->src\main\AndroidManifest.xml:106:13-54
130            android:screenOrientation="portrait" />
130-->src\main\AndroidManifest.xml:107:13-49
131        <activity
131-->src\main\AndroidManifest.xml:108:9-110:52
132            android:name="com.release.plexigo.activity.OfferActivity"
132-->src\main\AndroidManifest.xml:109:13-51
133            android:screenOrientation="portrait" />
133-->src\main\AndroidManifest.xml:110:13-49
134        <activity
134-->src\main\AndroidManifest.xml:111:9-114:60
135            android:name="com.release.plexigo.activity.ContentDetailActivity"
135-->src\main\AndroidManifest.xml:112:13-59
136            android:screenOrientation="portrait"
136-->src\main\AndroidManifest.xml:113:13-49
137            android:theme="@style/ContentDetailActivity" />
137-->src\main\AndroidManifest.xml:114:13-57
138        <activity
138-->src\main\AndroidManifest.xml:115:9-117:52
139            android:name="com.release.plexigo.activity.MoreContentListActivity"
139-->src\main\AndroidManifest.xml:116:13-61
140            android:screenOrientation="portrait" />
140-->src\main\AndroidManifest.xml:117:13-49
141        <!--
142                <activity
143                    android:name=".Activity.HomeActivity"
144                    android:label="@string/title_activity_home"
145                    android:screenOrientation="portrait"
146                    android:theme="@style/AppTheme.NoActionBar" />
147        -->
148        <activity
148-->src\main\AndroidManifest.xml:125:9-159:20
149            android:name="com.release.plexigo.activity.SplashActivity"
149-->src\main\AndroidManifest.xml:126:13-52
150            android:exported="true"
150-->src\main\AndroidManifest.xml:129:13-36
151            android:launchMode="singleTask"
151-->src\main\AndroidManifest.xml:127:13-44
152            android:screenOrientation="portrait" >
152-->src\main\AndroidManifest.xml:128:13-49
153            <intent-filter>
153-->src\main\AndroidManifest.xml:130:13-134:29
154                <action android:name="android.intent.action.MAIN" />
154-->src\main\AndroidManifest.xml:131:17-69
154-->src\main\AndroidManifest.xml:131:25-66
155
156                <category android:name="android.intent.category.LAUNCHER" />
156-->src\main\AndroidManifest.xml:133:17-77
156-->src\main\AndroidManifest.xml:133:27-74
157            </intent-filter>
158
159            <!-- Branch URI Scheme -->
160            <intent-filter>
160-->src\main\AndroidManifest.xml:137:13-144:29
161                <data android:scheme="http" />
161-->src\main\AndroidManifest.xml:64:17-62
161-->src\main\AndroidManifest.xml:64:23-59
162
163                <action android:name="android.intent.action.VIEW" />
163-->src\main\AndroidManifest.xml:59:17-69
163-->src\main\AndroidManifest.xml:59:25-66
164
165                <category android:name="android.intent.category.DEFAULT" />
165-->src\main\AndroidManifest.xml:61:17-76
165-->src\main\AndroidManifest.xml:61:27-73
166                <category android:name="android.intent.category.BROWSABLE" />
166-->src\main\AndroidManifest.xml:62:17-78
166-->src\main\AndroidManifest.xml:62:27-75
167            </intent-filter>
168            <intent-filter android:autoVerify="true" >
168-->src\main\AndroidManifest.xml:145:13-158:29
168-->src\main\AndroidManifest.xml:145:28-53
169                <action android:name="android.intent.action.VIEW" />
169-->src\main\AndroidManifest.xml:59:17-69
169-->src\main\AndroidManifest.xml:59:25-66
170
171                <category android:name="android.intent.category.DEFAULT" />
171-->src\main\AndroidManifest.xml:61:17-76
171-->src\main\AndroidManifest.xml:61:27-73
172                <category android:name="android.intent.category.BROWSABLE" />
172-->src\main\AndroidManifest.xml:62:17-78
172-->src\main\AndroidManifest.xml:62:27-75
173
174                <data
174-->src\main\AndroidManifest.xml:64:17-62
175                    android:host="plexigo.app.link"
175-->src\main\AndroidManifest.xml:152:21-52
176                    android:scheme="https" />
176-->src\main\AndroidManifest.xml:64:23-59
177                <!-- example-alternate domain is required for App Links when the Journeys/Web SDK and Deepviews are used inside your website. -->
178                <data
178-->src\main\AndroidManifest.xml:64:17-62
179                    android:host="plexigo-alternate.app.link"
179-->src\main\AndroidManifest.xml:152:21-52
180                    android:scheme="https" />
180-->src\main\AndroidManifest.xml:64:23-59
181            </intent-filter>
182        </activity>
183        <activity
183-->src\main\AndroidManifest.xml:160:9-162:52
184            android:name="com.release.plexigo.activity.LoginActivity"
184-->src\main\AndroidManifest.xml:161:13-51
185            android:screenOrientation="portrait" />
185-->src\main\AndroidManifest.xml:162:13-49
186        <activity
186-->src\main\AndroidManifest.xml:163:9-166:51
187            android:name="com.release.plexigo.activity.NewHomeActivity"
187-->src\main\AndroidManifest.xml:164:13-53
188            android:screenOrientation="portrait"
188-->src\main\AndroidManifest.xml:165:13-49
189            android:theme="@style/HomeActivity" />
189-->src\main\AndroidManifest.xml:166:13-48
190        <activity
190-->src\main\AndroidManifest.xml:167:9-169:52
191            android:name="com.release.plexigo.activity.FilterResultsActivity"
191-->src\main\AndroidManifest.xml:168:13-59
192            android:screenOrientation="portrait" />
192-->src\main\AndroidManifest.xml:169:13-49
193        <activity android:name="com.release.plexigo.activity.PlaylistContentListingActivity" />
193-->src\main\AndroidManifest.xml:170:9-77
193-->src\main\AndroidManifest.xml:170:19-74
194        <activity android:name="com.release.plexigo.activity.UserPlaylistListingActivity" />
194-->src\main\AndroidManifest.xml:171:9-74
194-->src\main\AndroidManifest.xml:171:19-71
195
196        <meta-data
196-->src\main\AndroidManifest.xml:173:9-175:55
197            android:name="com.facebook.sdk.ApplicationId"
197-->src\main\AndroidManifest.xml:174:13-58
198            android:value="@string/facebook_app_id" />
198-->src\main\AndroidManifest.xml:175:13-52
199
200        <service android:name="com.release.plexigo.Common.AddWatchHistoryService" />
200-->src\main\AndroidManifest.xml:177:9-66
200-->src\main\AndroidManifest.xml:177:18-63
201
202        <meta-data
202-->src\main\AndroidManifest.xml:179:9-181:73
203            android:name="io.branch.sdk.BranchKey"
203-->src\main\AndroidManifest.xml:180:13-51
204            android:value="key_live_ff2dbfSEQzFsUGtdVHAxukkosrcbRzHZ" />
204-->src\main\AndroidManifest.xml:181:13-70
205        <meta-data
205-->src\main\AndroidManifest.xml:182:9-184:72
206            android:name="io.branch.sdk.BranchKey.test"
206-->src\main\AndroidManifest.xml:183:13-56
207            android:value="key_test_hlxrWC5Zx16DkYmWu4AHiimdqugRYMr" />
207-->src\main\AndroidManifest.xml:184:13-69
208        <meta-data
208-->src\main\AndroidManifest.xml:185:9-187:37
209            android:name="io.branch.sdk.TestMode"
209-->src\main\AndroidManifest.xml:186:13-50
210            android:value="false" />
210-->src\main\AndroidManifest.xml:187:13-34
211
212        <provider
213            android:name="androidx.core.content.FileProvider"
213-->src\main\AndroidManifest.xml:190:13-62
214            android:authorities="com.release.plexigo.provider"
214-->src\main\AndroidManifest.xml:191:13-60
215            android:exported="false"
215-->src\main\AndroidManifest.xml:192:13-37
216            android:grantUriPermissions="true" >
216-->src\main\AndroidManifest.xml:193:13-47
217            <meta-data
217-->src\main\AndroidManifest.xml:194:13-196:58
218                android:name="android.support.FILE_PROVIDER_PATHS"
218-->src\main\AndroidManifest.xml:195:17-67
219                android:resource="@xml/provider_paths" />
219-->src\main\AndroidManifest.xml:196:17-55
220        </provider>
221
222        <activity
222-->[com.facebook.android:facebook-common:9.0.0] AndroidManifest.xml:30:9-33:66
223            android:name="com.facebook.FacebookActivity"
223-->[com.facebook.android:facebook-common:9.0.0] AndroidManifest.xml:31:13-57
224            android:configChanges="keyboard|keyboardHidden|screenLayout|screenSize|orientation"
224-->[com.facebook.android:facebook-common:9.0.0] AndroidManifest.xml:32:13-96
225            android:theme="@style/com_facebook_activity_theme" />
225-->[com.facebook.android:facebook-common:9.0.0] AndroidManifest.xml:33:13-63
226        <activity android:name="com.facebook.CustomTabMainActivity" />
226-->[com.facebook.android:facebook-common:9.0.0] AndroidManifest.xml:34:9-71
226-->[com.facebook.android:facebook-common:9.0.0] AndroidManifest.xml:34:19-68
227        <activity
227-->[com.facebook.android:facebook-common:9.0.0] AndroidManifest.xml:35:9-49:20
228            android:name="com.facebook.CustomTabActivity"
228-->[com.facebook.android:facebook-common:9.0.0] AndroidManifest.xml:36:13-58
229            android:exported="true" >
229-->[com.facebook.android:facebook-common:9.0.0] AndroidManifest.xml:37:13-36
230            <intent-filter>
230-->[com.facebook.android:facebook-common:9.0.0] AndroidManifest.xml:39:13-48:29
231                <action android:name="android.intent.action.VIEW" />
231-->src\main\AndroidManifest.xml:59:17-69
231-->src\main\AndroidManifest.xml:59:25-66
232
233                <category android:name="android.intent.category.DEFAULT" />
233-->src\main\AndroidManifest.xml:61:17-76
233-->src\main\AndroidManifest.xml:61:27-73
234                <category android:name="android.intent.category.BROWSABLE" />
234-->src\main\AndroidManifest.xml:62:17-78
234-->src\main\AndroidManifest.xml:62:27-75
235
236                <data
236-->src\main\AndroidManifest.xml:64:17-62
237                    android:host="cct.com.release.plexigo"
237-->src\main\AndroidManifest.xml:152:21-52
238                    android:scheme="fbconnect" />
238-->src\main\AndroidManifest.xml:64:23-59
239            </intent-filter>
240        </activity>
241
242        <uses-library
242-->[androidx.window:window:1.0.0] AndroidManifest.xml:25:9-27:40
243            android:name="androidx.window.extensions"
243-->[androidx.window:window:1.0.0] AndroidManifest.xml:26:13-54
244            android:required="false" />
244-->[androidx.window:window:1.0.0] AndroidManifest.xml:27:13-37
245        <uses-library
245-->[androidx.window:window:1.0.0] AndroidManifest.xml:28:9-30:40
246            android:name="androidx.window.sidecar"
246-->[androidx.window:window:1.0.0] AndroidManifest.xml:29:13-51
247            android:required="false" />
247-->[androidx.window:window:1.0.0] AndroidManifest.xml:30:13-37
248
249        <activity
249-->[pub.devrel:easypermissions:3.0.0] AndroidManifest.xml:12:9-16:66
250            android:name="pub.devrel.easypermissions.AppSettingsDialogHolderActivity"
250-->[pub.devrel:easypermissions:3.0.0] AndroidManifest.xml:13:13-86
251            android:exported="false"
251-->[pub.devrel:easypermissions:3.0.0] AndroidManifest.xml:14:13-37
252            android:label=""
252-->[pub.devrel:easypermissions:3.0.0] AndroidManifest.xml:15:13-29
253            android:theme="@style/EasyPermissions.Transparent" />
253-->[pub.devrel:easypermissions:3.0.0] AndroidManifest.xml:16:13-63
254        <activity
254-->[com.github.dhaval2404:imagepicker:2.1] AndroidManifest.xml:22:9-25:68
255            android:name="com.github.dhaval2404.imagepicker.ImagePickerActivity"
255-->[com.github.dhaval2404:imagepicker:2.1] AndroidManifest.xml:23:13-81
256            android:screenOrientation="unspecified"
256-->[com.github.dhaval2404:imagepicker:2.1] AndroidManifest.xml:24:13-52
257            android:theme="@style/Theme.Transparent.ImagePicker" />
257-->[com.github.dhaval2404:imagepicker:2.1] AndroidManifest.xml:25:13-65
258        <activity
258-->[com.github.dhaval2404:imagepicker:2.1] AndroidManifest.xml:26:9-29:72
259            android:name="com.yalantis.ucrop.UCropActivity"
259-->[com.github.dhaval2404:imagepicker:2.1] AndroidManifest.xml:27:13-60
260            android:screenOrientation="portrait"
260-->[com.github.dhaval2404:imagepicker:2.1] AndroidManifest.xml:28:13-49
261            android:theme="@style/Theme.AppCompat.Light.NoActionBar" />
261-->[com.github.dhaval2404:imagepicker:2.1] AndroidManifest.xml:29:13-69
262
263        <provider
263-->[com.github.dhaval2404:imagepicker:2.1] AndroidManifest.xml:31:9-39:20
264            android:name="com.github.dhaval2404.imagepicker.ImagePickerFileProvider"
264-->[com.github.dhaval2404:imagepicker:2.1] AndroidManifest.xml:32:13-85
265            android:authorities="com.release.plexigo.imagepicker.provider"
265-->[com.github.dhaval2404:imagepicker:2.1] AndroidManifest.xml:33:13-72
266            android:exported="false"
266-->[com.github.dhaval2404:imagepicker:2.1] AndroidManifest.xml:34:13-37
267            android:grantUriPermissions="true" >
267-->[com.github.dhaval2404:imagepicker:2.1] AndroidManifest.xml:35:13-47
268            <meta-data
268-->src\main\AndroidManifest.xml:194:13-196:58
269                android:name="android.support.FILE_PROVIDER_PATHS"
269-->src\main\AndroidManifest.xml:195:17-67
270                android:resource="@xml/image_picker_provider_paths" />
270-->src\main\AndroidManifest.xml:196:17-55
271        </provider>
272
273        <meta-data
273-->[com.github.bumptech.glide:okhttp3-integration:4.11.0] AndroidManifest.xml:11:9-13:43
274            android:name="com.bumptech.glide.integration.okhttp3.OkHttpGlideModule"
274-->[com.github.bumptech.glide:okhttp3-integration:4.11.0] AndroidManifest.xml:12:13-84
275            android:value="GlideModule" />
275-->[com.github.bumptech.glide:okhttp3-integration:4.11.0] AndroidManifest.xml:13:13-40
276
277        <receiver
277-->[com.google.firebase:firebase-messaging:23.0.5] AndroidManifest.xml:31:9-38:20
278            android:name="com.google.firebase.iid.FirebaseInstanceIdReceiver"
278-->[com.google.firebase:firebase-messaging:23.0.5] AndroidManifest.xml:32:13-78
279            android:exported="true"
279-->[com.google.firebase:firebase-messaging:23.0.5] AndroidManifest.xml:33:13-36
280            android:permission="com.google.android.c2dm.permission.SEND" >
280-->[com.google.firebase:firebase-messaging:23.0.5] AndroidManifest.xml:34:13-73
281            <intent-filter>
281-->[com.google.firebase:firebase-messaging:23.0.5] AndroidManifest.xml:35:13-37:29
282                <action android:name="com.google.android.c2dm.intent.RECEIVE" />
282-->[com.google.firebase:firebase-messaging:23.0.5] AndroidManifest.xml:36:17-81
282-->[com.google.firebase:firebase-messaging:23.0.5] AndroidManifest.xml:36:25-78
283            </intent-filter>
284        </receiver>
285        <!--
286             FirebaseMessagingService performs security checks at runtime,
287             but set to not exported to explicitly avoid allowing another app to call it.
288        -->
289        <service
289-->[com.google.firebase:firebase-messaging:23.0.5] AndroidManifest.xml:44:9-51:19
290            android:name="com.google.firebase.messaging.FirebaseMessagingService"
290-->[com.google.firebase:firebase-messaging:23.0.5] AndroidManifest.xml:45:13-82
291            android:directBootAware="true"
291-->[com.google.firebase:firebase-messaging:23.0.5] AndroidManifest.xml:46:13-43
292            android:exported="false" >
292-->[com.google.firebase:firebase-messaging:23.0.5] AndroidManifest.xml:47:13-37
293            <intent-filter android:priority="-500" >
293-->src\main\AndroidManifest.xml:40:13-42:29
294                <action android:name="com.google.firebase.MESSAGING_EVENT" />
294-->src\main\AndroidManifest.xml:41:17-78
294-->src\main\AndroidManifest.xml:41:25-75
295            </intent-filter>
296        </service>
297        <service
297-->[com.google.firebase:firebase-messaging:23.0.5] AndroidManifest.xml:52:9-58:19
298            android:name="com.google.firebase.components.ComponentDiscoveryService"
298-->[com.google.firebase:firebase-messaging:23.0.5] AndroidManifest.xml:53:13-84
299            android:directBootAware="true"
299-->[com.google.firebase:firebase-common:20.1.1] AndroidManifest.xml:35:13-43
300            android:exported="false" >
300-->[com.google.firebase:firebase-messaging:23.0.5] AndroidManifest.xml:54:13-37
301            <meta-data
301-->[com.google.firebase:firebase-messaging:23.0.5] AndroidManifest.xml:55:13-57:85
302                android:name="com.google.firebase.components:com.google.firebase.messaging.FirebaseMessagingRegistrar"